Started GET "/" for ::1 at 2025-04-11 14:19:04 +0300
  [1m[35m (0.3ms)[0m  [1m[35mCREATE TABLE "schema_migrations" ("version" varchar NOT NULL PRIMARY KEY) /*application='Bao'*/[0m
  [1m[35m (0.1ms)[0m  [1m[35mCREATE TABLE "ar_internal_metadata" ("key" varchar NOT NULL PRIMARY KEY, "value" varchar, "created_at" datetime(6) NOT NULL, "updated_at" datetime(6) NOT NULL) /*application='Bao'*/[0m
  [1m[36mActiveRecord::SchemaMigration Load (0.2ms)[0m  [1m[34mSELECT "schema_migrations"."version" FROM "schema_migrations" ORDER BY "schema_migrations"."version" ASC /*application='Bao'*/[0m
Processing by Rails::WelcomeController#index as HTML
  Rendering /Users/zillah/.rbenv/versions/3.3.0/lib/ruby/gems/3.3.0/gems/railties-8.0.2/lib/rails/templates/rails/welcome/index.html.erb
  Rendered /Users/zillah/.rbenv/versions/3.3.0/lib/ruby/gems/3.3.0/gems/railties-8.0.2/lib/rails/templates/rails/welcome/index.html.erb (Duration: 0.3ms | GC: 0.0ms)
Completed 200 OK in 55ms (Views: 9.3ms | ActiveRecord: 0.0ms (0 queries, 0 cached) | GC: 3.9ms)


Started GET "/" for ::1 at 2025-04-23 10:33:39 +0300
  [1m[36mActiveRecord::SchemaMigration Load (0.1ms)[0m  [1m[34mSELECT "schema_migrations"."version" FROM "schema_migrations" ORDER BY "schema_migrations"."version" ASC /*application='Bao'*/[0m
Processing by Rails::WelcomeController#index as HTML
  Rendering /Users/zillah/.rbenv/versions/3.3.0/lib/ruby/gems/3.3.0/gems/railties-8.0.2/lib/rails/templates/rails/welcome/index.html.erb
  Rendered /Users/zillah/.rbenv/versions/3.3.0/lib/ruby/gems/3.3.0/gems/railties-8.0.2/lib/rails/templates/rails/welcome/index.html.erb (Duration: 1.8ms | GC: 0.7ms)
Completed 200 OK in 58ms (Views: 4.6ms | ActiveRecord: 0.0ms (0 queries, 0 cached) | GC: 3.8ms)


Started GET "/" for ::1 at 2025-05-06 16:12:34 +0300
  [1m[36mActiveRecord::SchemaMigration Load (0.1ms)[0m  [1m[34mSELECT "schema_migrations"."version" FROM "schema_migrations" ORDER BY "schema_migrations"."version" ASC /*application='Bao'*/[0m
Processing by Rails::WelcomeController#index as HTML
  Rendering /Users/zillah/.rbenv/versions/3.3.0/lib/ruby/gems/3.3.0/gems/railties-8.0.2/lib/rails/templates/rails/welcome/index.html.erb
  Rendered /Users/zillah/.rbenv/versions/3.3.0/lib/ruby/gems/3.3.0/gems/railties-8.0.2/lib/rails/templates/rails/welcome/index.html.erb (Duration: 0.3ms | GC: 0.0ms)
Completed 200 OK in 41ms (Views: 1.5ms | ActiveRecord: 0.0ms (0 queries, 0 cached) | GC: 0.2ms)


Started GET "/" for ::1 at 2025-05-07 09:21:45 +0300
  [1m[36mActiveRecord::SchemaMigration Load (0.1ms)[0m  [1m[34mSELECT "schema_migrations"."version" FROM "schema_migrations" ORDER BY "schema_migrations"."version" ASC /*application='Bao'*/[0m
Processing by Rails::WelcomeController#index as HTML
  Rendering /Users/zillah/.rbenv/versions/3.3.0/lib/ruby/gems/3.3.0/gems/railties-8.0.2/lib/rails/templates/rails/welcome/index.html.erb
  Rendered /Users/zillah/.rbenv/versions/3.3.0/lib/ruby/gems/3.3.0/gems/railties-8.0.2/lib/rails/templates/rails/welcome/index.html.erb (Duration: 0.3ms | GC: 0.0ms)
Completed 200 OK in 38ms (Views: 1.4ms | ActiveRecord: 0.0ms (0 queries, 0 cached) | GC: 0.1ms)


Started GET "/" for ::1 at 2025-05-08 10:46:14 +0300
Processing by Rails::WelcomeController#index as HTML
  Rendering /Users/zillah/.rbenv/versions/3.3.0/lib/ruby/gems/3.3.0/gems/railties-8.0.2/lib/rails/templates/rails/welcome/index.html.erb
  Rendered /Users/zillah/.rbenv/versions/3.3.0/lib/ruby/gems/3.3.0/gems/railties-8.0.2/lib/rails/templates/rails/welcome/index.html.erb (Duration: 0.2ms | GC: 0.0ms)
Completed 200 OK in 23ms (Views: 0.9ms | ActiveRecord: 0.0ms (0 queries, 0 cached) | GC: 0.0ms)


Started GET "/" for ::1 at 2025-05-15 12:02:14 +0300
  [1m[36mActiveRecord::SchemaMigration Load (0.1ms)[0m  [1m[34mSELECT "schema_migrations"."version" FROM "schema_migrations" ORDER BY "schema_migrations"."version" ASC /*application='Bao'*/[0m
Processing by Rails::WelcomeController#index as HTML
  Rendering /Users/zillah/.rbenv/versions/3.3.0/lib/ruby/gems/3.3.0/gems/railties-8.0.2/lib/rails/templates/rails/welcome/index.html.erb
  Rendered /Users/zillah/.rbenv/versions/3.3.0/lib/ruby/gems/3.3.0/gems/railties-8.0.2/lib/rails/templates/rails/welcome/index.html.erb (Duration: 0.3ms | GC: 0.0ms)
Completed 200 OK in 38ms (Views: 1.5ms | ActiveRecord: 0.0ms (0 queries, 0 cached) | GC: 0.0ms)


Started GET "/" for ::1 at 2025-05-15 12:02:19 +0300
Processing by Rails::WelcomeController#index as HTML
  Rendering /Users/zillah/.rbenv/versions/3.3.0/lib/ruby/gems/3.3.0/gems/railties-8.0.2/lib/rails/templates/rails/welcome/index.html.erb
  Rendered /Users/zillah/.rbenv/versions/3.3.0/lib/ruby/gems/3.3.0/gems/railties-8.0.2/lib/rails/templates/rails/welcome/index.html.erb (Duration: 0.1ms | GC: 0.0ms)
Completed 200 OK in 36ms (Views: 0.4ms | ActiveRecord: 0.0ms (0 queries, 0 cached) | GC: 0.0ms)


Started GET "/" for ::1 at 2025-05-22 12:06:28 +0300
  [1m[36mActiveRecord::SchemaMigration Load (0.1ms)[0m  [1m[34mSELECT "schema_migrations"."version" FROM "schema_migrations" ORDER BY "schema_migrations"."version" ASC /*application='Bao'*/[0m
Processing by Rails::WelcomeController#index as HTML
  Rendering /Users/zillah/.rbenv/versions/3.3.0/lib/ruby/gems/3.3.0/gems/railties-8.0.2/lib/rails/templates/rails/welcome/index.html.erb
  Rendered /Users/zillah/.rbenv/versions/3.3.0/lib/ruby/gems/3.3.0/gems/railties-8.0.2/lib/rails/templates/rails/welcome/index.html.erb (Duration: 0.3ms | GC: 0.0ms)
Completed 200 OK in 41ms (Views: 1.5ms | ActiveRecord: 0.0ms (0 queries, 0 cached) | GC: 0.0ms)


Started GET "/" for ::1 at 2025-05-22 12:32:52 +0300
  [1m[36mActiveRecord::SchemaMigration Load (0.1ms)[0m  [1m[34mSELECT "schema_migrations"."version" FROM "schema_migrations" ORDER BY "schema_migrations"."version" ASC /*application='Bao'*/[0m
Processing by Rails::WelcomeController#index as HTML
  Rendering /Users/zillah/.rbenv/versions/3.3.0/lib/ruby/gems/3.3.0/gems/railties-8.0.2/lib/rails/templates/rails/welcome/index.html.erb
  Rendered /Users/zillah/.rbenv/versions/3.3.0/lib/ruby/gems/3.3.0/gems/railties-8.0.2/lib/rails/templates/rails/welcome/index.html.erb (Duration: 0.4ms | GC: 0.0ms)
Completed 200 OK in 51ms (Views: 1.8ms | ActiveRecord: 0.0ms (0 queries, 0 cached) | GC: 2.4ms)


Started GET "/" for ::1 at 2025-05-22 12:42:22 +0300
Processing by Rails::WelcomeController#index as HTML
  Rendering /Users/zillah/.rbenv/versions/3.3.0/lib/ruby/gems/3.3.0/gems/railties-8.0.2/lib/rails/templates/rails/welcome/index.html.erb
  Rendered /Users/zillah/.rbenv/versions/3.3.0/lib/ruby/gems/3.3.0/gems/railties-8.0.2/lib/rails/templates/rails/welcome/index.html.erb (Duration: 0.9ms | GC: 0.0ms)
Completed 200 OK in 36ms (Views: 1.9ms | ActiveRecord: 0.0ms (0 queries, 0 cached) | GC: 0.0ms)


Started GET "/" for ::1 at 2025-05-22 12:57:44 +0300
Processing by Rails::WelcomeController#index as HTML
  Rendering /Users/zillah/.rbenv/versions/3.3.0/lib/ruby/gems/3.3.0/gems/railties-8.0.2/lib/rails/templates/rails/welcome/index.html.erb
  Rendered /Users/zillah/.rbenv/versions/3.3.0/lib/ruby/gems/3.3.0/gems/railties-8.0.2/lib/rails/templates/rails/welcome/index.html.erb (Duration: 2.6ms | GC: 0.0ms)
Completed 200 OK in 28ms (Views: 4.9ms | ActiveRecord: 0.0ms (0 queries, 0 cached) | GC: 0.0ms)


Started GET "/" for ::1 at 2025-05-22 12:57:46 +0300
Processing by Rails::WelcomeController#index as HTML
  Rendering /Users/zillah/.rbenv/versions/3.3.0/lib/ruby/gems/3.3.0/gems/railties-8.0.2/lib/rails/templates/rails/welcome/index.html.erb
  Rendered /Users/zillah/.rbenv/versions/3.3.0/lib/ruby/gems/3.3.0/gems/railties-8.0.2/lib/rails/templates/rails/welcome/index.html.erb (Duration: 0.1ms | GC: 0.0ms)
Completed 200 OK in 35ms (Views: 0.3ms | ActiveRecord: 0.0ms (0 queries, 0 cached) | GC: 0.0ms)


Started GET "/" for ::1 at 2025-05-22 12:57:48 +0300
Processing by Rails::WelcomeController#index as HTML
  Rendering /Users/zillah/.rbenv/versions/3.3.0/lib/ruby/gems/3.3.0/gems/railties-8.0.2/lib/rails/templates/rails/welcome/index.html.erb
  Rendered /Users/zillah/.rbenv/versions/3.3.0/lib/ruby/gems/3.3.0/gems/railties-8.0.2/lib/rails/templates/rails/welcome/index.html.erb (Duration: 0.4ms | GC: 0.0ms)
Completed 200 OK in 35ms (Views: 0.6ms | ActiveRecord: 0.0ms (0 queries, 0 cached) | GC: 0.0ms)


Started GET "/" for ::1 at 2025-05-22 12:57:52 +0300
Processing by Rails::WelcomeController#index as HTML
  Rendering /Users/zillah/.rbenv/versions/3.3.0/lib/ruby/gems/3.3.0/gems/railties-8.0.2/lib/rails/templates/rails/welcome/index.html.erb
  Rendered /Users/zillah/.rbenv/versions/3.3.0/lib/ruby/gems/3.3.0/gems/railties-8.0.2/lib/rails/templates/rails/welcome/index.html.erb (Duration: 0.2ms | GC: 0.0ms)
Completed 200 OK in 64ms (Views: 0.5ms | ActiveRecord: 0.0ms (0 queries, 0 cached) | GC: 0.0ms)


Started GET "/" for ::1 at 2025-05-22 12:59:45 +0300
Processing by Rails::WelcomeController#index as HTML
  Rendering /Users/zillah/.rbenv/versions/3.3.0/lib/ruby/gems/3.3.0/gems/railties-8.0.2/lib/rails/templates/rails/welcome/index.html.erb
  Rendered /Users/zillah/.rbenv/versions/3.3.0/lib/ruby/gems/3.3.0/gems/railties-8.0.2/lib/rails/templates/rails/welcome/index.html.erb (Duration: 0.9ms | GC: 0.0ms)
Completed 200 OK in 93ms (Views: 1.9ms | ActiveRecord: 0.0ms (0 queries, 0 cached) | GC: 23.5ms)


Started GET "/" for ::1 at 2025-05-22 12:59:46 +0300
Processing by Rails::WelcomeController#index as HTML
  Rendering /Users/zillah/.rbenv/versions/3.3.0/lib/ruby/gems/3.3.0/gems/railties-8.0.2/lib/rails/templates/rails/welcome/index.html.erb
  Rendered /Users/zillah/.rbenv/versions/3.3.0/lib/ruby/gems/3.3.0/gems/railties-8.0.2/lib/rails/templates/rails/welcome/index.html.erb (Duration: 0.1ms | GC: 0.0ms)
Completed 200 OK in 37ms (Views: 0.3ms | ActiveRecord: 0.0ms (0 queries, 0 cached) | GC: 0.0ms)


Started GET "/" for ::1 at 2025-05-22 12:59:47 +0300
Processing by Rails::WelcomeController#index as HTML
  Rendering /Users/zillah/.rbenv/versions/3.3.0/lib/ruby/gems/3.3.0/gems/railties-8.0.2/lib/rails/templates/rails/welcome/index.html.erb
  Rendered /Users/zillah/.rbenv/versions/3.3.0/lib/ruby/gems/3.3.0/gems/railties-8.0.2/lib/rails/templates/rails/welcome/index.html.erb (Duration: 0.3ms | GC: 0.0ms)
Completed 200 OK in 35ms (Views: 0.6ms | ActiveRecord: 0.0ms (0 queries, 0 cached) | GC: 0.0ms)


Started GET "/" for ::1 at 2025-05-22 12:59:47 +0300
Processing by Rails::WelcomeController#index as HTML
  Rendering /Users/zillah/.rbenv/versions/3.3.0/lib/ruby/gems/3.3.0/gems/railties-8.0.2/lib/rails/templates/rails/welcome/index.html.erb
  Rendered /Users/zillah/.rbenv/versions/3.3.0/lib/ruby/gems/3.3.0/gems/railties-8.0.2/lib/rails/templates/rails/welcome/index.html.erb (Duration: 0.1ms | GC: 0.0ms)
Completed 200 OK in 22ms (Views: 0.4ms | ActiveRecord: 0.0ms (0 queries, 0 cached) | GC: 0.0ms)


Started GET "/" for ::1 at 2025-05-22 12:59:48 +0300
Processing by Rails::WelcomeController#index as HTML
  Rendering /Users/zillah/.rbenv/versions/3.3.0/lib/ruby/gems/3.3.0/gems/railties-8.0.2/lib/rails/templates/rails/welcome/index.html.erb
  Rendered /Users/zillah/.rbenv/versions/3.3.0/lib/ruby/gems/3.3.0/gems/railties-8.0.2/lib/rails/templates/rails/welcome/index.html.erb (Duration: 0.1ms | GC: 0.0ms)
Completed 200 OK in 35ms (Views: 0.3ms | ActiveRecord: 0.0ms (0 queries, 0 cached) | GC: 0.5ms)


Started GET "/" for ::1 at 2025-05-22 12:59:48 +0300
Processing by Rails::WelcomeController#index as HTML
  Rendering /Users/zillah/.rbenv/versions/3.3.0/lib/ruby/gems/3.3.0/gems/railties-8.0.2/lib/rails/templates/rails/welcome/index.html.erb
  Rendered /Users/zillah/.rbenv/versions/3.3.0/lib/ruby/gems/3.3.0/gems/railties-8.0.2/lib/rails/templates/rails/welcome/index.html.erb (Duration: 0.1ms | GC: 0.0ms)
Completed 200 OK in 32ms (Views: 0.3ms | ActiveRecord: 0.0ms (0 queries, 0 cached) | GC: 0.0ms)


Started GET "/" for ::1 at 2025-05-22 12:59:48 +0300
Processing by Rails::WelcomeController#index as HTML
  Rendering /Users/zillah/.rbenv/versions/3.3.0/lib/ruby/gems/3.3.0/gems/railties-8.0.2/lib/rails/templates/rails/welcome/index.html.erb
  Rendered /Users/zillah/.rbenv/versions/3.3.0/lib/ruby/gems/3.3.0/gems/railties-8.0.2/lib/rails/templates/rails/welcome/index.html.erb (Duration: 0.1ms | GC: 0.0ms)
Completed 200 OK in 31ms (Views: 0.3ms | ActiveRecord: 0.0ms (0 queries, 0 cached) | GC: 0.0ms)


Started GET "/" for ::1 at 2025-05-22 13:00:04 +0300
  [1m[36mActiveRecord::SchemaMigration Load (0.1ms)[0m  [1m[34mSELECT "schema_migrations"."version" FROM "schema_migrations" ORDER BY "schema_migrations"."version" ASC /*application='Bao'*/[0m
Processing by Rails::WelcomeController#index as HTML
  Rendering /Users/zillah/.rbenv/versions/3.3.0/lib/ruby/gems/3.3.0/gems/railties-8.0.2/lib/rails/templates/rails/welcome/index.html.erb
  Rendered /Users/zillah/.rbenv/versions/3.3.0/lib/ruby/gems/3.3.0/gems/railties-8.0.2/lib/rails/templates/rails/welcome/index.html.erb (Duration: 0.3ms | GC: 0.0ms)
Completed 200 OK in 44ms (Views: 1.4ms | ActiveRecord: 0.0ms (0 queries, 0 cached) | GC: 3.6ms)


Started GET "/" for ::1 at 2025-05-22 13:00:36 +0300
Processing by Rails::WelcomeController#index as HTML
  Rendering /Users/zillah/.rbenv/versions/3.3.0/lib/ruby/gems/3.3.0/gems/railties-8.0.2/lib/rails/templates/rails/welcome/index.html.erb
  Rendered /Users/zillah/.rbenv/versions/3.3.0/lib/ruby/gems/3.3.0/gems/railties-8.0.2/lib/rails/templates/rails/welcome/index.html.erb (Duration: 0.2ms | GC: 0.0ms)
Completed 200 OK in 35ms (Views: 0.6ms | ActiveRecord: 0.0ms (0 queries, 0 cached) | GC: 0.8ms)


Started GET "/" for ::1 at 2025-05-22 13:00:37 +0300
Processing by Rails::WelcomeController#index as HTML
  Rendering /Users/zillah/.rbenv/versions/3.3.0/lib/ruby/gems/3.3.0/gems/railties-8.0.2/lib/rails/templates/rails/welcome/index.html.erb
  Rendered /Users/zillah/.rbenv/versions/3.3.0/lib/ruby/gems/3.3.0/gems/railties-8.0.2/lib/rails/templates/rails/welcome/index.html.erb (Duration: 0.1ms | GC: 0.0ms)
Completed 200 OK in 33ms (Views: 0.3ms | ActiveRecord: 0.0ms (0 queries, 0 cached) | GC: 0.0ms)


Started GET "/" for ::1 at 2025-05-22 13:01:39 +0300
Processing by Rails::WelcomeController#index as HTML
  Rendering /Users/zillah/.rbenv/versions/3.3.0/lib/ruby/gems/3.3.0/gems/railties-8.0.2/lib/rails/templates/rails/welcome/index.html.erb
  Rendered /Users/zillah/.rbenv/versions/3.3.0/lib/ruby/gems/3.3.0/gems/railties-8.0.2/lib/rails/templates/rails/welcome/index.html.erb (Duration: 0.2ms | GC: 0.0ms)
Completed 200 OK in 41ms (Views: 0.8ms | ActiveRecord: 0.0ms (0 queries, 0 cached) | GC: 0.0ms)


Started GET "/.well-known/appspecific/com.chrome.devtools.json" for ::1 at 2025-05-22 13:01:42 +0300
  
ActionController::RoutingError (No route matches [GET] "/.well-known/appspecific/com.chrome.devtools.json"):
  
Started GET "/" for ::1 at 2025-05-22 13:01:47 +0300
Processing by Rails::WelcomeController#index as HTML
  Rendering /Users/zillah/.rbenv/versions/3.3.0/lib/ruby/gems/3.3.0/gems/railties-8.0.2/lib/rails/templates/rails/welcome/index.html.erb
  Rendered /Users/zillah/.rbenv/versions/3.3.0/lib/ruby/gems/3.3.0/gems/railties-8.0.2/lib/rails/templates/rails/welcome/index.html.erb (Duration: 0.1ms | GC: 0.0ms)
Completed 200 OK in 36ms (Views: 0.3ms | ActiveRecord: 0.0ms (0 queries, 0 cached) | GC: 0.0ms)


Started GET "/.well-known/appspecific/com.chrome.devtools.json" for ::1 at 2025-05-22 13:01:48 +0300
  
ActionController::RoutingError (No route matches [GET] "/.well-known/appspecific/com.chrome.devtools.json"):
  
Started GET "/" for ::1 at 2025-05-22 13:03:21 +0300
Processing by Rails::WelcomeController#index as HTML
  Rendering /Users/zillah/.rbenv/versions/3.3.0/lib/ruby/gems/3.3.0/gems/railties-8.0.2/lib/rails/templates/rails/welcome/index.html.erb
  Rendered /Users/zillah/.rbenv/versions/3.3.0/lib/ruby/gems/3.3.0/gems/railties-8.0.2/lib/rails/templates/rails/welcome/index.html.erb (Duration: 0.4ms | GC: 0.0ms)
Completed 200 OK in 21ms (Views: 0.9ms | ActiveRecord: 0.0ms (0 queries, 0 cached) | GC: 0.0ms)


Started GET "/.well-known/appspecific/com.chrome.devtools.json" for ::1 at 2025-05-22 13:03:22 +0300
  
ActionController::RoutingError (No route matches [GET] "/.well-known/appspecific/com.chrome.devtools.json"):
  
Started GET "/" for ::1 at 2025-05-22 13:03:23 +0300
Processing by Rails::WelcomeController#index as HTML
  Rendering /Users/zillah/.rbenv/versions/3.3.0/lib/ruby/gems/3.3.0/gems/railties-8.0.2/lib/rails/templates/rails/welcome/index.html.erb
  Rendered /Users/zillah/.rbenv/versions/3.3.0/lib/ruby/gems/3.3.0/gems/railties-8.0.2/lib/rails/templates/rails/welcome/index.html.erb (Duration: 0.1ms | GC: 0.0ms)
Completed 200 OK in 21ms (Views: 0.4ms | ActiveRecord: 0.0ms (0 queries, 0 cached) | GC: 0.0ms)


Started GET "/.well-known/appspecific/com.chrome.devtools.json" for ::1 at 2025-05-22 13:03:23 +0300
  
ActionController::RoutingError (No route matches [GET] "/.well-known/appspecific/com.chrome.devtools.json"):
  
Started GET "/" for ::1 at 2025-05-22 15:09:10 +0300
Processing by Rails::WelcomeController#index as HTML
  Rendering /Users/zillah/.rbenv/versions/3.3.0/lib/ruby/gems/3.3.0/gems/railties-8.0.2/lib/rails/templates/rails/welcome/index.html.erb
  Rendered /Users/zillah/.rbenv/versions/3.3.0/lib/ruby/gems/3.3.0/gems/railties-8.0.2/lib/rails/templates/rails/welcome/index.html.erb (Duration: 1.3ms | GC: 0.0ms)
Completed 200 OK in 50ms (Views: 2.8ms | ActiveRecord: 0.0ms (0 queries, 0 cached) | GC: 0.0ms)


Started GET "/.well-known/appspecific/com.chrome.devtools.json" for ::1 at 2025-05-22 15:09:10 +0300
  
ActionController::RoutingError (No route matches [GET] "/.well-known/appspecific/com.chrome.devtools.json"):
  
Started GET "/" for ::1 at 2025-05-22 15:10:07 +0300
Processing by Rails::WelcomeController#index as HTML
  Rendering /Users/zillah/.rbenv/versions/3.3.0/lib/ruby/gems/3.3.0/gems/railties-8.0.2/lib/rails/templates/rails/welcome/index.html.erb
  Rendered /Users/zillah/.rbenv/versions/3.3.0/lib/ruby/gems/3.3.0/gems/railties-8.0.2/lib/rails/templates/rails/welcome/index.html.erb (Duration: 0.4ms | GC: 0.0ms)
Completed 200 OK in 51ms (Views: 1.0ms | ActiveRecord: 0.0ms (0 queries, 0 cached) | GC: 0.0ms)


Started GET "/.well-known/appspecific/com.chrome.devtools.json" for ::1 at 2025-05-22 15:10:07 +0300
  
ActionController::RoutingError (No route matches [GET] "/.well-known/appspecific/com.chrome.devtools.json"):
  
Started GET "/" for ::1 at 2025-05-22 15:13:25 +0300
Processing by Rails::WelcomeController#index as HTML
  Rendering /Users/zillah/.rbenv/versions/3.3.0/lib/ruby/gems/3.3.0/gems/railties-8.0.2/lib/rails/templates/rails/welcome/index.html.erb
  Rendered /Users/zillah/.rbenv/versions/3.3.0/lib/ruby/gems/3.3.0/gems/railties-8.0.2/lib/rails/templates/rails/welcome/index.html.erb (Duration: 0.5ms | GC: 0.0ms)
Completed 200 OK in 23ms (Views: 1.4ms | ActiveRecord: 0.0ms (0 queries, 0 cached) | GC: 0.0ms)


Started GET "/" for ::1 at 2025-05-22 15:13:33 +0300
Processing by Rails::WelcomeController#index as HTML
  Rendering /Users/zillah/.rbenv/versions/3.3.0/lib/ruby/gems/3.3.0/gems/railties-8.0.2/lib/rails/templates/rails/welcome/index.html.erb
  Rendered /Users/zillah/.rbenv/versions/3.3.0/lib/ruby/gems/3.3.0/gems/railties-8.0.2/lib/rails/templates/rails/welcome/index.html.erb (Duration: 0.1ms | GC: 0.0ms)
Completed 200 OK in 35ms (Views: 0.3ms | ActiveRecord: 0.0ms (0 queries, 0 cached) | GC: 0.0ms)


Started GET "/" for ::1 at 2025-05-22 15:13:55 +0300
Processing by Rails::WelcomeController#index as HTML
  Rendering /Users/zillah/.rbenv/versions/3.3.0/lib/ruby/gems/3.3.0/gems/railties-8.0.2/lib/rails/templates/rails/welcome/index.html.erb
  Rendered /Users/zillah/.rbenv/versions/3.3.0/lib/ruby/gems/3.3.0/gems/railties-8.0.2/lib/rails/templates/rails/welcome/index.html.erb (Duration: 0.4ms | GC: 0.0ms)
Completed 200 OK in 31ms (Views: 0.9ms | ActiveRecord: 0.0ms (0 queries, 0 cached) | GC: 4.0ms)


Started GET "/" for ::1 at 2025-05-22 15:14:09 +0300
Processing by Rails::WelcomeController#index as HTML
  Rendering /Users/zillah/.rbenv/versions/3.3.0/lib/ruby/gems/3.3.0/gems/railties-8.0.2/lib/rails/templates/rails/welcome/index.html.erb
  Rendered /Users/zillah/.rbenv/versions/3.3.0/lib/ruby/gems/3.3.0/gems/railties-8.0.2/lib/rails/templates/rails/welcome/index.html.erb (Duration: 0.4ms | GC: 0.0ms)
Completed 200 OK in 25ms (Views: 1.0ms | ActiveRecord: 0.0ms (0 queries, 0 cached) | GC: 0.0ms)


Started GET "/" for ::1 at 2025-05-22 15:14:14 +0300
Processing by Rails::WelcomeController#index as HTML
  Rendering /Users/zillah/.rbenv/versions/3.3.0/lib/ruby/gems/3.3.0/gems/railties-8.0.2/lib/rails/templates/rails/welcome/index.html.erb
  Rendered /Users/zillah/.rbenv/versions/3.3.0/lib/ruby/gems/3.3.0/gems/railties-8.0.2/lib/rails/templates/rails/welcome/index.html.erb (Duration: 0.1ms | GC: 0.0ms)
Completed 200 OK in 35ms (Views: 0.3ms | ActiveRecord: 0.0ms (0 queries, 0 cached) | GC: 0.0ms)


Started GET "/" for ::1 at 2025-05-22 15:14:24 +0300
  [1m[36mActiveRecord::SchemaMigration Load (0.1ms)[0m  [1m[34mSELECT "schema_migrations"."version" FROM "schema_migrations" ORDER BY "schema_migrations"."version" ASC /*application='Bao'*/[0m
Processing by Rails::WelcomeController#index as HTML
  Rendering /Users/zillah/.rbenv/versions/3.3.0/lib/ruby/gems/3.3.0/gems/railties-8.0.2/lib/rails/templates/rails/welcome/index.html.erb
  Rendered /Users/zillah/.rbenv/versions/3.3.0/lib/ruby/gems/3.3.0/gems/railties-8.0.2/lib/rails/templates/rails/welcome/index.html.erb (Duration: 0.4ms | GC: 0.0ms)
Completed 200 OK in 54ms (Views: 1.6ms | ActiveRecord: 0.0ms (0 queries, 0 cached) | GC: 0.0ms)


Started GET "/" for ::1 at 2025-05-22 15:14:49 +0300
Processing by Rails::WelcomeController#index as HTML
  Rendering /Users/zillah/.rbenv/versions/3.3.0/lib/ruby/gems/3.3.0/gems/railties-8.0.2/lib/rails/templates/rails/welcome/index.html.erb
  Rendered /Users/zillah/.rbenv/versions/3.3.0/lib/ruby/gems/3.3.0/gems/railties-8.0.2/lib/rails/templates/rails/welcome/index.html.erb (Duration: 0.4ms | GC: 0.0ms)
Completed 200 OK in 25ms (Views: 0.9ms | ActiveRecord: 0.0ms (0 queries, 0 cached) | GC: 0.0ms)


Started GET "/" for ::1 at 2025-05-22 15:16:31 +0300
Processing by Rails::WelcomeController#index as HTML
  Rendering /Users/zillah/.rbenv/versions/3.3.0/lib/ruby/gems/3.3.0/gems/railties-8.0.2/lib/rails/templates/rails/welcome/index.html.erb
  Rendered /Users/zillah/.rbenv/versions/3.3.0/lib/ruby/gems/3.3.0/gems/railties-8.0.2/lib/rails/templates/rails/welcome/index.html.erb (Duration: 0.4ms | GC: 0.0ms)
Completed 200 OK in 35ms (Views: 1.1ms | ActiveRecord: 0.0ms (0 queries, 0 cached) | GC: 0.0ms)


Started GET "/" for ::1 at 2025-05-22 15:20:47 +0300
Processing by Rails::WelcomeController#index as HTML
  Rendering /Users/zillah/.rbenv/versions/3.3.0/lib/ruby/gems/3.3.0/gems/railties-8.0.2/lib/rails/templates/rails/welcome/index.html.erb
  Rendered /Users/zillah/.rbenv/versions/3.3.0/lib/ruby/gems/3.3.0/gems/railties-8.0.2/lib/rails/templates/rails/welcome/index.html.erb (Duration: 0.2ms | GC: 0.0ms)
Completed 200 OK in 31ms (Views: 0.6ms | ActiveRecord: 0.0ms (0 queries, 0 cached) | GC: 0.0ms)


Started GET "/" for ::1 at 2025-05-22 15:31:28 +0300
Processing by Rails::WelcomeController#index as HTML
  Rendering /Users/zillah/.rbenv/versions/3.3.0/lib/ruby/gems/3.3.0/gems/railties-8.0.2/lib/rails/templates/rails/welcome/index.html.erb
  Rendered /Users/zillah/.rbenv/versions/3.3.0/lib/ruby/gems/3.3.0/gems/railties-8.0.2/lib/rails/templates/rails/welcome/index.html.erb (Duration: 0.2ms | GC: 0.0ms)
Completed 200 OK in 34ms (Views: 0.6ms | ActiveRecord: 0.0ms (0 queries, 0 cached) | GC: 0.0ms)


Started GET "/" for ::1 at 2025-06-09 09:19:12 +0300
Processing by Rails::WelcomeController#index as HTML
  Rendering /Users/zillah/.rbenv/versions/3.3.0/lib/ruby/gems/3.3.0/gems/railties-8.0.2/lib/rails/templates/rails/welcome/index.html.erb
  Rendered /Users/zillah/.rbenv/versions/3.3.0/lib/ruby/gems/3.3.0/gems/railties-8.0.2/lib/rails/templates/rails/welcome/index.html.erb (Duration: 2.9ms | GC: 0.0ms)
Completed 200 OK in 57ms (Views: 7.8ms | ActiveRecord: 0.0ms (0 queries, 0 cached) | GC: 0.0ms)


Started GET "/" for ::1 at 2025-06-12 14:34:12 +0300
Processing by Rails::WelcomeController#index as HTML
  Rendering /Users/zillah/.rbenv/versions/3.3.0/lib/ruby/gems/3.3.0/gems/railties-8.0.2/lib/rails/templates/rails/welcome/index.html.erb
  Rendered /Users/zillah/.rbenv/versions/3.3.0/lib/ruby/gems/3.3.0/gems/railties-8.0.2/lib/rails/templates/rails/welcome/index.html.erb (Duration: 3.5ms | GC: 0.0ms)
Completed 200 OK in 56ms (Views: 8.6ms | ActiveRecord: 0.0ms (0 queries, 0 cached) | GC: 0.0ms)


Started GET "/" for ::1 at 2025-06-12 14:40:32 +0300
Processing by Rails::WelcomeController#index as HTML
  Rendering /Users/zillah/.rbenv/versions/3.3.0/lib/ruby/gems/3.3.0/gems/railties-8.0.2/lib/rails/templates/rails/welcome/index.html.erb
  Rendered /Users/zillah/.rbenv/versions/3.3.0/lib/ruby/gems/3.3.0/gems/railties-8.0.2/lib/rails/templates/rails/welcome/index.html.erb (Duration: 0.5ms | GC: 0.0ms)
Completed 200 OK in 31ms (Views: 1.1ms | ActiveRecord: 0.0ms (0 queries, 0 cached) | GC: 0.0ms)


Started GET "/" for ::1 at 2025-06-12 14:52:37 +0300
Processing by HomeController#index as HTML
  Rendering layout layouts/application.html.erb
  Rendering /Users/zillah/.rbenv/versions/3.3.0/lib/ruby/gems/3.3.0/bundler/gems/inertia-rails-a6a3c289bd82/app/views/inertia.html.erb within layouts/application
  Rendered /Users/zillah/.rbenv/versions/3.3.0/lib/ruby/gems/3.3.0/bundler/gems/inertia-rails-a6a3c289bd82/app/views/inertia.html.erb within layouts/application (Duration: 1.6ms | GC: 0.0ms)
Building with Vite ⚡️
vite v5.4.18 building for development...

transforming...

✓ 1 modules transformed.

rendering chunks...

computing gzip size...

../../public/vite-dev/.vite/manifest-assets.json      0.00 kB │ gzip: 0.02 kB

../../public/vite-dev/.vite/manifest.json             0.19 kB │ gzip: 0.12 kB

../../public/vite-dev/assets/application-DBfCPIOZ.js  0.13 kB │ gzip: 0.13 kB

✓ built in 23ms

Build with Vite complete: /Users/zillah/bunk3r/Bao/public/vite-dev
npm notice
npm notice New major version of npm available! 10.9.2 -> 11.4.1
npm notice Changelog: https://github.com/npm/cli/releases/tag/v11.4.1
npm notice To update run: npm install -g npm@11.4.1
npm notice

  Rendered layout layouts/application.html.erb (Duration: 3610.7ms | GC: 0.6ms)
Completed 200 OK in 3681ms (Views: 3616.9ms | ActiveRecord: 0.0ms (0 queries, 0 cached) | GC: 1.0ms)


Started GET "/" for ::1 at 2025-06-12 14:53:56 +0300
Processing by HomeController#index as HTML
  Rendering layout layouts/application.html.erb
  Rendering /Users/zillah/.rbenv/versions/3.3.0/lib/ruby/gems/3.3.0/bundler/gems/inertia-rails-a6a3c289bd82/app/views/inertia.html.erb within layouts/application
  Rendered /Users/zillah/.rbenv/versions/3.3.0/lib/ruby/gems/3.3.0/bundler/gems/inertia-rails-a6a3c289bd82/app/views/inertia.html.erb within layouts/application (Duration: 0.4ms | GC: 0.0ms)
Skipping vite build. Watched files have not changed since the last build at 2025-06-12 14:52:41
  Rendered layout layouts/application.html.erb (Duration: 26.0ms | GC: 5.6ms)
Completed 200 OK in 49ms (Views: 27.6ms | ActiveRecord: 0.0ms (0 queries, 0 cached) | GC: 5.6ms)


Started GET "/" for ::1 at 2025-06-12 14:54:24 +0300
Processing by HomeController#index as HTML
  Rendering layout layouts/application.html.erb
  Rendering /Users/zillah/.rbenv/versions/3.3.0/lib/ruby/gems/3.3.0/bundler/gems/inertia-rails-a6a3c289bd82/app/views/inertia.html.erb within layouts/application
  Rendered /Users/zillah/.rbenv/versions/3.3.0/lib/ruby/gems/3.3.0/bundler/gems/inertia-rails-a6a3c289bd82/app/views/inertia.html.erb within layouts/application (Duration: 0.2ms | GC: 0.0ms)
Building with Vite ⚡️
vite v5.4.18 building for development...

transforming...

✓ 1 modules transformed.

rendering chunks...

computing gzip size...

../../public/vite-dev/.vite/manifest-assets.json      0.00 kB │ gzip: 0.02 kB

../../public/vite-dev/.vite/manifest.json             0.19 kB │ gzip: 0.12 kB

../../public/vite-dev/assets/application-DBfCPIOZ.js  0.13 kB │ gzip: 0.13 kB

✓ built in 55ms

Build with Vite complete: /Users/zillah/bunk3r/Bao/public/vite-dev
  Rendered layout layouts/application.html.erb (Duration: 943.0ms | GC: 0.2ms)
Completed 200 OK in 965ms (Views: 944.7ms | ActiveRecord: 0.0ms (0 queries, 0 cached) | GC: 0.5ms)


Started GET "/" for ::1 at 2025-06-12 14:54:45 +0300
Processing by HomeController#index as HTML
  Rendering layout layouts/application.html.erb
  Rendering /Users/zillah/.rbenv/versions/3.3.0/lib/ruby/gems/3.3.0/bundler/gems/inertia-rails-a6a3c289bd82/app/views/inertia.html.erb within layouts/application
  Rendered /Users/zillah/.rbenv/versions/3.3.0/lib/ruby/gems/3.3.0/bundler/gems/inertia-rails-a6a3c289bd82/app/views/inertia.html.erb within layouts/application (Duration: 0.2ms | GC: 0.0ms)
Building with Vite ⚡️
vite v5.4.18 building for development...

transforming...

✓ 1 modules transformed.

rendering chunks...

computing gzip size...

../../public/vite-dev/.vite/manifest-assets.json      0.00 kB │ gzip: 0.02 kB

../../public/vite-dev/.vite/manifest.json             0.19 kB │ gzip: 0.12 kB

../../public/vite-dev/assets/application-DBfCPIOZ.js  0.13 kB │ gzip: 0.13 kB

✓ built in 29ms

Build with Vite complete: /Users/zillah/bunk3r/Bao/public/vite-dev
  Rendered layout layouts/application.html.erb (Duration: 846.8ms | GC: 0.0ms)
Completed 200 OK in 870ms (Views: 847.9ms | ActiveRecord: 0.0ms (0 queries, 0 cached) | GC: 0.0ms)


Started GET "/" for ::1 at 2025-06-12 14:55:12 +0300
Processing by HomeController#index as HTML
  Rendering layout layouts/application.html.erb
  Rendering /Users/zillah/.rbenv/versions/3.3.0/lib/ruby/gems/3.3.0/bundler/gems/inertia-rails-a6a3c289bd82/app/views/inertia.html.erb within layouts/application
  Rendered /Users/zillah/.rbenv/versions/3.3.0/lib/ruby/gems/3.3.0/bundler/gems/inertia-rails-a6a3c289bd82/app/views/inertia.html.erb within layouts/application (Duration: 0.2ms | GC: 0.0ms)
Building with Vite ⚡️
vite v5.4.18 building for development...

transforming...

✓ 1 modules transformed.

rendering chunks...

computing gzip size...

../../public/vite-dev/.vite/manifest-assets.json      0.00 kB │ gzip: 0.02 kB

../../public/vite-dev/.vite/manifest.json             0.19 kB │ gzip: 0.12 kB

../../public/vite-dev/assets/application-DBfCPIOZ.js  0.13 kB │ gzip: 0.13 kB

✓ built in 32ms

Build with Vite complete: /Users/zillah/bunk3r/Bao/public/vite-dev
  Rendered layout layouts/application.html.erb (Duration: 908.0ms | GC: 0.7ms)
Completed 200 OK in 929ms (Views: 910.0ms | ActiveRecord: 0.0ms (0 queries, 0 cached) | GC: 1.0ms)


Started GET "/" for ::1 at 2025-06-12 14:55:41 +0300
Processing by Rails::WelcomeController#index as HTML
  Rendering /Users/zillah/.rbenv/versions/3.3.0/lib/ruby/gems/3.3.0/gems/railties-8.0.2/lib/rails/templates/rails/welcome/index.html.erb
  Rendered /Users/zillah/.rbenv/versions/3.3.0/lib/ruby/gems/3.3.0/gems/railties-8.0.2/lib/rails/templates/rails/welcome/index.html.erb (Duration: 0.6ms | GC: 0.0ms)
Completed 200 OK in 25ms (Views: 1.2ms | ActiveRecord: 0.0ms (0 queries, 0 cached) | GC: 0.0ms)


Started GET "/" for ::1 at 2025-06-12 14:55:57 +0300
Processing by HomeController#index as HTML
  Rendering layout layouts/application.html.erb
  Rendering /Users/zillah/.rbenv/versions/3.3.0/lib/ruby/gems/3.3.0/bundler/gems/inertia-rails-a6a3c289bd82/app/views/inertia.html.erb within layouts/application
  Rendered /Users/zillah/.rbenv/versions/3.3.0/lib/ruby/gems/3.3.0/bundler/gems/inertia-rails-a6a3c289bd82/app/views/inertia.html.erb within layouts/application (Duration: 0.2ms | GC: 0.0ms)
Skipping vite build. Watched files have not changed since the last build at 2025-06-12 14:55:13
  Rendered layout layouts/application.html.erb (Duration: 4.1ms | GC: 0.0ms)
Completed 200 OK in 23ms (Views: 5.8ms | ActiveRecord: 0.0ms (0 queries, 0 cached) | GC: 0.0ms)


Started GET "/" for ::1 at 2025-06-12 16:14:14 +0300
Processing by HomeController#index as HTML
  Rendering layout layouts/application.html.erb
  Rendering /Users/zillah/.rbenv/versions/3.3.0/lib/ruby/gems/3.3.0/bundler/gems/inertia-rails-a6a3c289bd82/app/views/inertia.html.erb within layouts/application
  Rendered /Users/zillah/.rbenv/versions/3.3.0/lib/ruby/gems/3.3.0/bundler/gems/inertia-rails-a6a3c289bd82/app/views/inertia.html.erb within layouts/application (Duration: 0.8ms | GC: 0.0ms)
Skipping vite build. Watched files have not changed since the last build at 2025-06-12 14:55:13
  Rendered layout layouts/application.html.erb (Duration: 15.3ms | GC: 0.0ms)
Completed 200 OK in 53ms (Views: 28.1ms | ActiveRecord: 0.0ms (0 queries, 0 cached) | GC: 0.0ms)


Started GET "/" for ::1 at 2025-06-12 16:49:07 +0300
Processing by HomeController#index as HTML
  Rendering layout layouts/application.html.erb
  Rendering /Users/zillah/.rbenv/versions/3.3.0/lib/ruby/gems/3.3.0/bundler/gems/inertia-rails-a6a3c289bd82/app/views/inertia.html.erb within layouts/application
  Rendered /Users/zillah/.rbenv/versions/3.3.0/lib/ruby/gems/3.3.0/bundler/gems/inertia-rails-a6a3c289bd82/app/views/inertia.html.erb within layouts/application (Duration: 0.5ms | GC: 0.0ms)
Building with Vite ⚡️
vite v5.4.18 building for development...

transforming...

✓ 166 modules transformed.

rendering chunks...

computing gzip size...

../../public/vite-dev/.vite/manifest-assets.json        0.00 kB │ gzip:  0.02 kB

../../public/vite-dev/.vite/manifest.json               0.19 kB │ gzip:  0.12 kB

../../public/vite-dev/assets/application-DA4N24b2.js  272.59 kB │ gzip: 87.73 kB

✓ built in 562ms

Build with Vite complete: /Users/zillah/bunk3r/Bao/public/vite-dev
  Rendered layout layouts/application.html.erb (Duration: 2033.3ms | GC: 0.0ms)
Completed 200 OK in 2058ms (Views: 2037.7ms | ActiveRecord: 0.0ms (0 queries, 0 cached) | GC: 0.0ms)


Started GET "/" for ::1 at 2025-06-12 20:01:24 +0300
Processing by HomeController#index as HTML
  Rendering layout layouts/application.html.erb
  Rendering /Users/zillah/.rbenv/versions/3.3.0/lib/ruby/gems/3.3.0/bundler/gems/inertia-rails-a6a3c289bd82/app/views/inertia.html.erb within layouts/application
  Rendered /Users/zillah/.rbenv/versions/3.3.0/lib/ruby/gems/3.3.0/bundler/gems/inertia-rails-a6a3c289bd82/app/views/inertia.html.erb within layouts/application (Duration: 0.6ms | GC: 0.0ms)
Building with Vite ⚡️
vite v5.4.18 building for development...

transforming...

✓ 169 modules transformed.

rendering chunks...

computing gzip size...

../../public/vite-dev/.vite/manifest-assets.json        0.00 kB │ gzip:  0.02 kB

../../public/vite-dev/.vite/manifest.json               0.19 kB │ gzip:  0.12 kB

../../public/vite-dev/assets/application-vekf4bsk.js  272.43 kB │ gzip: 87.66 kB

✓ built in 582ms

Build with Vite complete: /Users/zillah/bunk3r/Bao/public/vite-dev
  Rendered layout layouts/application.html.erb (Duration: 1526.3ms | GC: 5.5ms)
Completed 200 OK in 1553ms (Views: 1529.0ms | ActiveRecord: 0.0ms (0 queries, 0 cached) | GC: 5.5ms)


Started GET "/" for ::1 at 2025-06-12 20:02:47 +0300
Processing by HomeController#index as HTML
  Rendering layout layouts/application.html.erb
  Rendering /Users/zillah/.rbenv/versions/3.3.0/lib/ruby/gems/3.3.0/bundler/gems/inertia-rails-a6a3c289bd82/app/views/inertia.html.erb within layouts/application
  Rendered /Users/zillah/.rbenv/versions/3.3.0/lib/ruby/gems/3.3.0/bundler/gems/inertia-rails-a6a3c289bd82/app/views/inertia.html.erb within layouts/application (Duration: 0.1ms | GC: 0.0ms)
Skipping vite build. Watched files have not changed since the last build at 2025-06-12 20:01:26
  Rendered layout layouts/application.html.erb (Duration: 8.0ms | GC: 0.0ms)
Completed 200 OK in 43ms (Views: 9.4ms | ActiveRecord: 0.0ms (0 queries, 0 cached) | GC: 2.3ms)


Started GET "/" for ::1 at 2025-06-12 20:03:54 +0300
Processing by HomeController#index as HTML
  Rendering layout layouts/application.html.erb
  Rendering /Users/zillah/.rbenv/versions/3.3.0/lib/ruby/gems/3.3.0/bundler/gems/inertia-rails-a6a3c289bd82/app/views/inertia.html.erb within layouts/application
  Rendered /Users/zillah/.rbenv/versions/3.3.0/lib/ruby/gems/3.3.0/bundler/gems/inertia-rails-a6a3c289bd82/app/views/inertia.html.erb within layouts/application (Duration: 0.1ms | GC: 0.0ms)
Building with Vite ⚡️
vite v5.4.18 building for development...

transforming...

✓ 169 modules transformed.

rendering chunks...

computing gzip size...

../../public/vite-dev/.vite/manifest-assets.json        0.00 kB │ gzip:  0.02 kB

../../public/vite-dev/.vite/manifest.json               0.19 kB │ gzip:  0.12 kB

../../public/vite-dev/assets/application-vekf4bsk.js  272.43 kB │ gzip: 87.66 kB

✓ built in 548ms

Build with Vite complete: /Users/zillah/bunk3r/Bao/public/vite-dev
  Rendered layout layouts/application.html.erb (Duration: 1400.7ms | GC: 0.0ms)
Completed 200 OK in 1422ms (Views: 1401.5ms | ActiveRecord: 0.0ms (0 queries, 0 cached) | GC: 0.0ms)


Started GET "/" for ::1 at 2025-06-12 20:05:23 +0300
Processing by HomeController#index as HTML
  Rendering layout layouts/application.html.erb
  Rendering /Users/zillah/.rbenv/versions/3.3.0/lib/ruby/gems/3.3.0/bundler/gems/inertia-rails-a6a3c289bd82/app/views/inertia.html.erb within layouts/application
  Rendered /Users/zillah/.rbenv/versions/3.3.0/lib/ruby/gems/3.3.0/bundler/gems/inertia-rails-a6a3c289bd82/app/views/inertia.html.erb within layouts/application (Duration: 0.2ms | GC: 0.0ms)
Building with Vite ⚡️
vite v5.4.18 building for development...

transforming...

✓ 169 modules transformed.

rendering chunks...

computing gzip size...

../../public/vite-dev/.vite/manifest-assets.json        0.00 kB │ gzip:  0.02 kB

../../public/vite-dev/.vite/manifest.json               0.19 kB │ gzip:  0.12 kB

../../public/vite-dev/assets/application-vekf4bsk.js  272.43 kB │ gzip: 87.66 kB

✓ built in 520ms

Build with Vite complete: /Users/zillah/bunk3r/Bao/public/vite-dev
  Rendered layout layouts/application.html.erb (Duration: 1345.1ms | GC: 0.9ms)
Completed 200 OK in 1376ms (Views: 1346.4ms | ActiveRecord: 0.0ms (0 queries, 0 cached) | GC: 0.9ms)


Started GET "/" for ::1 at 2025-06-12 20:06:13 +0300
Processing by HomeController#index as HTML
  Rendering layout layouts/application.html.erb
  Rendering /Users/zillah/.rbenv/versions/3.3.0/lib/ruby/gems/3.3.0/bundler/gems/inertia-rails-a6a3c289bd82/app/views/inertia.html.erb within layouts/application
  Rendered /Users/zillah/.rbenv/versions/3.3.0/lib/ruby/gems/3.3.0/bundler/gems/inertia-rails-a6a3c289bd82/app/views/inertia.html.erb within layouts/application (Duration: 0.2ms | GC: 0.0ms)
Building with Vite ⚡️
vite v5.4.18 building for development...

transforming...

✓ 169 modules transformed.

rendering chunks...

computing gzip size...

../../public/vite-dev/.vite/manifest-assets.json        0.00 kB │ gzip:  0.02 kB

../../public/vite-dev/.vite/manifest.json               0.19 kB │ gzip:  0.12 kB

../../public/vite-dev/assets/application-OGAUjRQT.js  272.56 kB │ gzip: 87.75 kB

✓ built in 521ms

Build with Vite complete: /Users/zillah/bunk3r/Bao/public/vite-dev
  Rendered layout layouts/application.html.erb (Duration: 1436.1ms | GC: 1.3ms)
Completed 200 OK in 1472ms (Views: 1437.2ms | ActiveRecord: 0.0ms (0 queries, 0 cached) | GC: 1.3ms)


Started GET "/" for ::1 at 2025-06-12 21:21:39 +0300
Processing by HomeController#index as HTML
  Rendering layout layouts/application.html.erb
  Rendering /Users/zillah/.rbenv/versions/3.3.0/lib/ruby/gems/3.3.0/bundler/gems/inertia-rails-a6a3c289bd82/app/views/inertia.html.erb within layouts/application
  Rendered /Users/zillah/.rbenv/versions/3.3.0/lib/ruby/gems/3.3.0/bundler/gems/inertia-rails-a6a3c289bd82/app/views/inertia.html.erb within layouts/application (Duration: 0.2ms | GC: 0.0ms)
Skipping vite build. Watched files have not changed since the last build at 2025-06-12 20:06:14
  Rendered layout layouts/application.html.erb (Duration: 9.2ms | GC: 0.9ms)
Completed 500 Internal Server Error in 32ms (ActiveRecord: 0.0ms (0 queries, 0 cached) | GC: 0.9ms)


  
ActionView::Template::Error (undefined local variable or method `inertia_mount' for an instance of #<Class:0x0000000126716e08>)
Caused by: NameError (undefined local variable or method `inertia_mount' for an instance of #<Class:0x0000000126716e08>)

Information for: ActionView::Template::Error (undefined local variable or method `inertia_mount' for an instance of #<Class:0x0000000126716e08>):
    39:   </head>
    40: 
    41:   <body>
    42:   <%= inertia_mount %>
    43:   </body>
    44: </html>
  
app/views/layouts/application.html.erb:42
app/controllers/home_controller.rb:5:in `index'

Information for cause: NameError (undefined local variable or method `inertia_mount' for an instance of #<Class:0x0000000126716e08>):
  
app/views/layouts/application.html.erb:42
app/controllers/home_controller.rb:5:in `index'
Started GET "/favicon.ico" for ::1 at 2025-06-12 21:21:40 +0300
  
ActionController::RoutingError (No route matches [GET] "/favicon.ico"):
  
Started GET "/" for ::1 at 2025-06-12 21:22:05 +0300
Processing by HomeController#index as HTML
  Rendering layout layouts/application.html.erb
  Rendering /Users/zillah/.rbenv/versions/3.3.0/lib/ruby/gems/3.3.0/bundler/gems/inertia-rails-a6a3c289bd82/app/views/inertia.html.erb within layouts/application
  Rendered /Users/zillah/.rbenv/versions/3.3.0/lib/ruby/gems/3.3.0/bundler/gems/inertia-rails-a6a3c289bd82/app/views/inertia.html.erb within layouts/application (Duration: 0.2ms | GC: 0.0ms)
Skipping vite build. Watched files have not changed since the last build at 2025-06-12 20:06:14
  Rendered layout layouts/application.html.erb (Duration: 5.8ms | GC: 0.0ms)
Completed 200 OK in 25ms (Views: 7.5ms | ActiveRecord: 0.0ms (0 queries, 0 cached) | GC: 0.0ms)


Started GET "/" for ::1 at 2025-06-12 21:22:07 +0300
Processing by HomeController#index as HTML
  Rendering layout layouts/application.html.erb
  Rendering /Users/zillah/.rbenv/versions/3.3.0/lib/ruby/gems/3.3.0/bundler/gems/inertia-rails-a6a3c289bd82/app/views/inertia.html.erb within layouts/application
  Rendered /Users/zillah/.rbenv/versions/3.3.0/lib/ruby/gems/3.3.0/bundler/gems/inertia-rails-a6a3c289bd82/app/views/inertia.html.erb within layouts/application (Duration: 0.1ms | GC: 0.0ms)
Skipping vite build. Watched files have not changed since the last build at 2025-06-12 20:06:14
  Rendered layout layouts/application.html.erb (Duration: 2.5ms | GC: 0.0ms)
Completed 200 OK in 35ms (Views: 3.0ms | ActiveRecord: 0.0ms (0 queries, 0 cached) | GC: 0.0ms)


Started GET "/" for ::1 at 2025-06-12 22:19:16 +0300
Processing by HomeController#index as HTML
  Rendering layout layouts/application.html.erb
  Rendering /Users/zillah/.rbenv/versions/3.3.0/lib/ruby/gems/3.3.0/bundler/gems/inertia-rails-a6a3c289bd82/app/views/inertia.html.erb within layouts/application
  Rendered /Users/zillah/.rbenv/versions/3.3.0/lib/ruby/gems/3.3.0/bundler/gems/inertia-rails-a6a3c289bd82/app/views/inertia.html.erb within layouts/application (Duration: 0.1ms | GC: 0.0ms)
Skipping vite build. Watched files have not changed since the last build at 2025-06-12 20:06:14
  Rendered layout layouts/application.html.erb (Duration: 5.9ms | GC: 0.0ms)
Completed 200 OK in 30ms (Views: 6.5ms | ActiveRecord: 0.0ms (0 queries, 0 cached) | GC: 0.0ms)


Started GET "/" for ::1 at 2025-06-17 11:23:59 +0300
  [1m[36mActiveRecord::SchemaMigration Load (0.1ms)[0m  [1m[34mSELECT "schema_migrations"."version" FROM "schema_migrations" ORDER BY "schema_migrations"."version" ASC /*application='Bao'*/[0m
Processing by HomeController#index as HTML
  Rendering layout layouts/application.html.erb
  Rendering /Users/zillah/.rbenv/versions/3.3.0/lib/ruby/gems/3.3.0/bundler/gems/inertia-rails-a6a3c289bd82/app/views/inertia.html.erb within layouts/application
  Rendered /Users/zillah/.rbenv/versions/3.3.0/lib/ruby/gems/3.3.0/bundler/gems/inertia-rails-a6a3c289bd82/app/views/inertia.html.erb within layouts/application (Duration: 0.2ms | GC: 0.0ms)
Skipping vite build. Watched files have not changed since the last build at 2025-06-12 20:06:14
  Rendered layout layouts/application.html.erb (Duration: 5.2ms | GC: 0.0ms)
Completed 200 OK in 51ms (Views: 10.8ms | ActiveRecord: 0.0ms (0 queries, 0 cached) | GC: 0.0ms)


Started GET "/.well-known/appspecific/com.chrome.devtools.json" for ::1 at 2025-06-17 11:26:15 +0300
  [1m[36mActiveRecord::SchemaMigration Load (0.2ms)[0m  [1m[34mSELECT "schema_migrations"."version" FROM "schema_migrations" ORDER BY "schema_migrations"."version" ASC /*application='Bao'*/[0m
  
ActionController::RoutingError (No route matches [GET] "/.well-known/appspecific/com.chrome.devtools.json"):
  
Started GET "/" for ::1 at 2025-06-17 11:26:19 +0300
Processing by HomeController#index as HTML
  Rendering layout layouts/application.html.erb
  Rendering /Users/zillah/.rbenv/versions/3.3.0/lib/ruby/gems/3.3.0/bundler/gems/inertia-rails-a6a3c289bd82/app/views/inertia.html.erb within layouts/application
  Rendered /Users/zillah/.rbenv/versions/3.3.0/lib/ruby/gems/3.3.0/bundler/gems/inertia-rails-a6a3c289bd82/app/views/inertia.html.erb within layouts/application (Duration: 0.6ms | GC: 0.4ms)
Skipping vite build. Watched files have not changed since the last build at 2025-06-12 20:06:14
  Rendered layout layouts/application.html.erb (Duration: 10.4ms | GC: 4.1ms)
Completed 200 OK in 67ms (Views: 13.6ms | ActiveRecord: 0.0ms (0 queries, 0 cached) | GC: 10.7ms)


Started GET "/.well-known/appspecific/com.chrome.devtools.json" for ::1 at 2025-06-17 11:26:19 +0300
  
ActionController::RoutingError (No route matches [GET] "/.well-known/appspecific/com.chrome.devtools.json"):
  
Started GET "/" for ::1 at 2025-06-17 11:29:44 +0300
Processing by HomeController#index as HTML
  Rendering layout layouts/application.html.erb
  Rendering /Users/zillah/.rbenv/versions/3.3.0/lib/ruby/gems/3.3.0/bundler/gems/inertia-rails-a6a3c289bd82/app/views/inertia.html.erb within layouts/application
  Rendered /Users/zillah/.rbenv/versions/3.3.0/lib/ruby/gems/3.3.0/bundler/gems/inertia-rails-a6a3c289bd82/app/views/inertia.html.erb within layouts/application (Duration: 0.1ms | GC: 0.0ms)
  Rendered layout layouts/application.html.erb (Duration: 1.4ms | GC: 0.0ms)
Completed 200 OK in 29ms (Views: 2.4ms | ActiveRecord: 0.0ms (0 queries, 0 cached) | GC: 0.6ms)


Started GET "/.well-known/appspecific/com.chrome.devtools.json" for ::1 at 2025-06-17 11:29:44 +0300
  
ActionController::RoutingError (No route matches [GET] "/.well-known/appspecific/com.chrome.devtools.json"):
  
Started GET "/" for ::1 at 2025-06-17 11:34:44 +0300
  [1m[36mActiveRecord::SchemaMigration Load (0.1ms)[0m  [1m[34mSELECT "schema_migrations"."version" FROM "schema_migrations" ORDER BY "schema_migrations"."version" ASC /*application='Bao'*/[0m
Processing by HomeController#index as HTML
  Rendering layout layouts/application.html.erb
  Rendering /Users/zillah/.rbenv/versions/3.3.0/lib/ruby/gems/3.3.0/bundler/gems/inertia-rails-a6a3c289bd82/app/views/inertia.html.erb within layouts/application
  Rendered /Users/zillah/.rbenv/versions/3.3.0/lib/ruby/gems/3.3.0/bundler/gems/inertia-rails-a6a3c289bd82/app/views/inertia.html.erb within layouts/application (Duration: 0.2ms | GC: 0.0ms)
Skipping vite build. Watched files have not changed since the last build at 2025-06-12 20:06:14
  Rendered layout layouts/application.html.erb (Duration: 6.7ms | GC: 0.4ms)
Completed 200 OK in 57ms (Views: 12.5ms | ActiveRecord: 0.0ms (0 queries, 0 cached) | GC: 5.3ms)


Started GET "/.well-known/appspecific/com.chrome.devtools.json" for ::1 at 2025-06-17 11:34:49 +0300
  
ActionController::RoutingError (No route matches [GET] "/.well-known/appspecific/com.chrome.devtools.json"):
  
Started GET "/" for ::1 at 2025-06-17 11:39:18 +0300
Processing by HomeController#index as HTML
  Rendering layout layouts/application.html.erb
  Rendering /Users/zillah/.rbenv/versions/3.3.0/lib/ruby/gems/3.3.0/bundler/gems/inertia-rails-a6a3c289bd82/app/views/inertia.html.erb within layouts/application
  Rendered /Users/zillah/.rbenv/versions/3.3.0/lib/ruby/gems/3.3.0/bundler/gems/inertia-rails-a6a3c289bd82/app/views/inertia.html.erb within layouts/application (Duration: 0.2ms | GC: 0.0ms)
Building with Vite ⚡️
vite v5.4.18 building for development...

transforming...

✓ 170 modules transformed.

rendering chunks...

computing gzip size...

../../public/vite-dev/.vite/manifest-assets.json        0.00 kB │ gzip:  0.02 kB

../../public/vite-dev/.vite/manifest.json               0.45 kB │ gzip:  0.20 kB

../../public/vite-dev/assets/Home--cYC-zqN.js           0.34 kB │ gzip:  0.26 kB

../../public/vite-dev/assets/application-0vFyynfl.js  274.10 kB │ gzip: 88.50 kB

✓ built in 532ms

Build with Vite complete: /Users/zillah/bunk3r/Bao/public/vite-dev
  Rendered layout layouts/application.html.erb (Duration: 1459.9ms | GC: 0.0ms)
Completed 200 OK in 1491ms (Views: 1461.2ms | ActiveRecord: 0.0ms (0 queries, 0 cached) | GC: 0.0ms)


Started GET "/.well-known/appspecific/com.chrome.devtools.json" for ::1 at 2025-06-17 11:39:20 +0300
  
ActionController::RoutingError (No route matches [GET] "/.well-known/appspecific/com.chrome.devtools.json"):
  
Started GET "/" for ::1 at 2025-06-17 11:39:36 +0300
Processing by HomeController#index as HTML
  Rendering layout layouts/application.html.erb
  Rendering /Users/zillah/.rbenv/versions/3.3.0/lib/ruby/gems/3.3.0/bundler/gems/inertia-rails-a6a3c289bd82/app/views/inertia.html.erb within layouts/application
  Rendered /Users/zillah/.rbenv/versions/3.3.0/lib/ruby/gems/3.3.0/bundler/gems/inertia-rails-a6a3c289bd82/app/views/inertia.html.erb within layouts/application (Duration: 0.1ms | GC: 0.0ms)
Building with Vite ⚡️
vite v5.4.18 building for development...

transforming...

✓ 172 modules transformed.

rendering chunks...

computing gzip size...

../../public/vite-dev/.vite/manifest-assets.json        0.00 kB │ gzip:  0.02 kB

../../public/vite-dev/.vite/manifest.json               0.45 kB │ gzip:  0.20 kB

../../public/vite-dev/assets/Home-WmSQxtis.js           0.34 kB │ gzip:  0.26 kB

../../public/vite-dev/assets/application-DwzikNxL.js  274.01 kB │ gzip: 88.46 kB

✓ built in 517ms

Build with Vite complete: /Users/zillah/bunk3r/Bao/public/vite-dev
  Rendered layout layouts/application.html.erb (Duration: 1282.3ms | GC: 0.0ms)
Completed 200 OK in 1322ms (Views: 1287.7ms | ActiveRecord: 0.0ms (0 queries, 0 cached) | GC: 4.6ms)


Started GET "/.well-known/appspecific/com.chrome.devtools.json" for ::1 at 2025-06-17 11:39:38 +0300
  
ActionController::RoutingError (No route matches [GET] "/.well-known/appspecific/com.chrome.devtools.json"):
  
Started GET "/" for ::1 at 2025-06-17 11:40:24 +0300
Processing by HomeController#index as HTML
  Rendering layout layouts/application.html.erb
  Rendering /Users/zillah/.rbenv/versions/3.3.0/lib/ruby/gems/3.3.0/bundler/gems/inertia-rails-a6a3c289bd82/app/views/inertia.html.erb within layouts/application
  Rendered /Users/zillah/.rbenv/versions/3.3.0/lib/ruby/gems/3.3.0/bundler/gems/inertia-rails-a6a3c289bd82/app/views/inertia.html.erb within layouts/application (Duration: 0.1ms | GC: 0.0ms)
Building with Vite ⚡️
vite v5.4.18 building for development...

transforming...

✓ 170 modules transformed.

rendering chunks...

computing gzip size...

../../public/vite-dev/.vite/manifest-assets.json        0.00 kB │ gzip:  0.02 kB

../../public/vite-dev/.vite/manifest.json               0.45 kB │ gzip:  0.20 kB

../../public/vite-dev/assets/Home-BYtC6SIU.js           0.34 kB │ gzip:  0.26 kB

../../public/vite-dev/assets/application-DSpjSIJt.js  274.03 kB │ gzip: 88.46 kB

✓ built in 539ms

Build with Vite complete: /Users/zillah/bunk3r/Bao/public/vite-dev
  Rendered layout layouts/application.html.erb (Duration: 1363.6ms | GC: 0.0ms)
Completed 200 OK in 1389ms (Views: 1364.9ms | ActiveRecord: 0.0ms (0 queries, 0 cached) | GC: 0.0ms)


Started GET "/.well-known/appspecific/com.chrome.devtools.json" for ::1 at 2025-06-17 11:40:26 +0300
  
ActionController::RoutingError (No route matches [GET] "/.well-known/appspecific/com.chrome.devtools.json"):
  
Started GET "/" for ::1 at 2025-06-17 11:45:30 +0300
Processing by HomeController#index as HTML
  Rendering layout layouts/application.html.erb
  Rendering /Users/zillah/.rbenv/versions/3.3.0/lib/ruby/gems/3.3.0/bundler/gems/inertia-rails-a6a3c289bd82/app/views/inertia.html.erb within layouts/application
  Rendered /Users/zillah/.rbenv/versions/3.3.0/lib/ruby/gems/3.3.0/bundler/gems/inertia-rails-a6a3c289bd82/app/views/inertia.html.erb within layouts/application (Duration: 0.1ms | GC: 0.0ms)
Building with Vite ⚡️
vite v5.4.18 building for development...

transforming...

✓ 170 modules transformed.

rendering chunks...

computing gzip size...

../../public/vite-dev/.vite/manifest-assets.json        0.00 kB │ gzip:  0.02 kB

../../public/vite-dev/.vite/manifest.json               0.45 kB │ gzip:  0.20 kB

../../public/vite-dev/assets/Home-B7-JgmMw.js           0.34 kB │ gzip:  0.26 kB

../../public/vite-dev/assets/application-CAxynK36.js  273.99 kB │ gzip: 88.42 kB

✓ built in 534ms

Build with Vite complete: /Users/zillah/bunk3r/Bao/public/vite-dev
  Rendered layout layouts/application.html.erb (Duration: 1345.8ms | GC: 0.0ms)
Completed 200 OK in 1374ms (Views: 1348.9ms | ActiveRecord: 0.0ms (0 queries, 0 cached) | GC: 2.2ms)


Started GET "/.well-known/appspecific/com.chrome.devtools.json" for ::1 at 2025-06-17 11:45:31 +0300
  
ActionController::RoutingError (No route matches [GET] "/.well-known/appspecific/com.chrome.devtools.json"):
  
Started GET "/" for ::1 at 2025-06-17 12:31:31 +0300
Processing by HomeController#index as HTML
  Rendering layout layouts/application.html.erb
  Rendering /Users/zillah/.rbenv/versions/3.3.0/lib/ruby/gems/3.3.0/bundler/gems/inertia-rails-a6a3c289bd82/app/views/inertia.html.erb within layouts/application
  Rendered /Users/zillah/.rbenv/versions/3.3.0/lib/ruby/gems/3.3.0/bundler/gems/inertia-rails-a6a3c289bd82/app/views/inertia.html.erb within layouts/application (Duration: 0.2ms | GC: 0.0ms)
Building with Vite ⚡️
vite v5.4.18 building for development...

transforming...

✓ 170 modules transformed.

rendering chunks...

computing gzip size...

../../public/vite-dev/.vite/manifest-assets.json        0.00 kB │ gzip:  0.02 kB

../../public/vite-dev/.vite/manifest.json               0.45 kB │ gzip:  0.20 kB

../../public/vite-dev/assets/Home-B7-JgmMw.js           0.34 kB │ gzip:  0.26 kB

../../public/vite-dev/assets/application-CAxynK36.js  273.99 kB │ gzip: 88.42 kB

✓ built in 537ms

Build with Vite complete: /Users/zillah/bunk3r/Bao/public/vite-dev
  Rendered layout layouts/application.html.erb (Duration: 1357.6ms | GC: 5.3ms)
Completed 200 OK in 1389ms (Views: 1359.1ms | ActiveRecord: 0.0ms (0 queries, 0 cached) | GC: 5.3ms)


Started GET "/.well-known/appspecific/com.chrome.devtools.json" for ::1 at 2025-06-17 12:31:32 +0300
  
ActionController::RoutingError (No route matches [GET] "/.well-known/appspecific/com.chrome.devtools.json"):
  
Started GET "/" for ::1 at 2025-06-17 12:38:58 +0300
Processing by HomeController#index as HTML
  Rendering layout layouts/application.html.erb
  Rendering /Users/zillah/.rbenv/versions/3.3.0/lib/ruby/gems/3.3.0/bundler/gems/inertia-rails-a6a3c289bd82/app/views/inertia.html.erb within layouts/application
  Rendered /Users/zillah/.rbenv/versions/3.3.0/lib/ruby/gems/3.3.0/bundler/gems/inertia-rails-a6a3c289bd82/app/views/inertia.html.erb within layouts/application (Duration: 0.2ms | GC: 0.0ms)
Building with Vite ⚡️
vite v5.4.18 building for development...

transforming...

✓ 172 modules transformed.

rendering chunks...

computing gzip size...

../../public/vite-dev/.vite/manifest-assets.json        0.00 kB │ gzip:  0.02 kB

../../public/vite-dev/.vite/manifest.json               0.45 kB │ gzip:  0.20 kB

../../public/vite-dev/assets/Home-C_c3y4sv.js           0.28 kB │ gzip:  0.22 kB

../../public/vite-dev/assets/application-B4K2n8IE.js  273.88 kB │ gzip: 88.37 kB

✓ built in 528ms

Build with Vite complete: /Users/zillah/bunk3r/Bao/public/vite-dev
  Rendered layout layouts/application.html.erb (Duration: 1363.9ms | GC: 0.0ms)
Completed 200 OK in 1389ms (Views: 1365.8ms | ActiveRecord: 0.0ms (0 queries, 0 cached) | GC: 0.0ms)


Started GET "/.well-known/appspecific/com.chrome.devtools.json" for ::1 at 2025-06-17 12:38:59 +0300
Started GET "/" for ::1 at 2025-06-17 12:40:09 +0300
Processing by HomeController#index as HTML
  Rendering layout layouts/application.html.erb
  Rendering /Users/zillah/.rbenv/versions/3.3.0/lib/ruby/gems/3.3.0/bundler/gems/inertia-rails-a6a3c289bd82/app/views/inertia.html.erb within layouts/application
  Rendered /Users/zillah/.rbenv/versions/3.3.0/lib/ruby/gems/3.3.0/bundler/gems/inertia-rails-a6a3c289bd82/app/views/inertia.html.erb within layouts/application (Duration: 0.2ms | GC: 0.0ms)
Skipping vite build. Watched files have not changed since the last build at 2025-06-17 12:38:59
  Rendered layout layouts/application.html.erb (Duration: 4.4ms | GC: 0.0ms)
Completed 200 OK in 28ms (Views: 6.3ms | ActiveRecord: 0.0ms (0 queries, 0 cached) | GC: 0.3ms)


Started GET "/.well-known/appspecific/com.chrome.devtools.json" for ::1 at 2025-06-17 12:40:09 +0300
Started GET "/" for ::1 at 2025-06-17 12:44:00 +0300
Processing by HomeController#index as HTML
  Rendering layout layouts/application.html.erb
  Rendering /Users/zillah/.rbenv/versions/3.3.0/lib/ruby/gems/3.3.0/bundler/gems/inertia-rails-a6a3c289bd82/app/views/inertia.html.erb within layouts/application
  Rendered /Users/zillah/.rbenv/versions/3.3.0/lib/ruby/gems/3.3.0/bundler/gems/inertia-rails-a6a3c289bd82/app/views/inertia.html.erb within layouts/application (Duration: 0.2ms | GC: 0.0ms)
Building with Vite ⚡️
vite v5.4.18 building for development...

transforming...

✓ 172 modules transformed.

rendering chunks...

computing gzip size...

../../public/vite-dev/.vite/manifest-assets.json        0.00 kB │ gzip:  0.02 kB

../../public/vite-dev/.vite/manifest.json               0.45 kB │ gzip:  0.20 kB

../../public/vite-dev/assets/Home-B6xyE1H1.js           0.30 kB │ gzip:  0.24 kB

../../public/vite-dev/assets/application-CH-UbKKe.js  273.89 kB │ gzip: 88.38 kB

✓ built in 520ms

Build with Vite complete: /Users/zillah/bunk3r/Bao/public/vite-dev
  Rendered layout layouts/application.html.erb (Duration: 1338.7ms | GC: 0.0ms)
Completed 200 OK in 1364ms (Views: 1340.6ms | ActiveRecord: 0.0ms (0 queries, 0 cached) | GC: 0.0ms)


Started GET "/.well-known/appspecific/com.chrome.devtools.json" for ::1 at 2025-06-17 12:44:02 +0300
Started GET "/" for ::1 at 2025-06-17 12:44:02 +0300
Processing by HomeController#index as HTML
  Parameters: {"home"=>{}}
Completed 200 OK in 60ms (Views: 0.5ms | ActiveRecord: 0.0ms (0 queries, 0 cached) | GC: 0.0ms)


Started GET "/" for ::1 at 2025-06-17 12:44:10 +0300
Processing by HomeController#index as HTML
  Rendering layout layouts/application.html.erb
  Rendering /Users/zillah/.rbenv/versions/3.3.0/lib/ruby/gems/3.3.0/bundler/gems/inertia-rails-a6a3c289bd82/app/views/inertia.html.erb within layouts/application
  Rendered /Users/zillah/.rbenv/versions/3.3.0/lib/ruby/gems/3.3.0/bundler/gems/inertia-rails-a6a3c289bd82/app/views/inertia.html.erb within layouts/application (Duration: 0.2ms | GC: 0.0ms)
Skipping vite build. Watched files have not changed since the last build at 2025-06-17 12:44:02
  Rendered layout layouts/application.html.erb (Duration: 3.0ms | GC: 0.0ms)
Completed 200 OK in 23ms (Views: 4.2ms | ActiveRecord: 0.0ms (0 queries, 0 cached) | GC: 0.0ms)


Started GET "/.well-known/appspecific/com.chrome.devtools.json" for ::1 at 2025-06-17 12:44:10 +0300
Started GET "/" for ::1 at 2025-06-17 12:44:10 +0300
Processing by HomeController#index as HTML
  Parameters: {"home"=>{}}
Completed 200 OK in 53ms (Views: 0.3ms | ActiveRecord: 0.0ms (0 queries, 0 cached) | GC: 0.0ms)


Started GET "/" for ::1 at 2025-06-17 12:45:15 +0300
Processing by HomeController#index as HTML
  Rendering layout layouts/application.html.erb
  Rendering /Users/zillah/.rbenv/versions/3.3.0/lib/ruby/gems/3.3.0/bundler/gems/inertia-rails-a6a3c289bd82/app/views/inertia.html.erb within layouts/application
  Rendered /Users/zillah/.rbenv/versions/3.3.0/lib/ruby/gems/3.3.0/bundler/gems/inertia-rails-a6a3c289bd82/app/views/inertia.html.erb within layouts/application (Duration: 0.2ms | GC: 0.0ms)
Building with Vite ⚡️
vite v5.4.18 building for development...

transforming...

✓ 172 modules transformed.

rendering chunks...

computing gzip size...

../../public/vite-dev/.vite/manifest-assets.json        0.00 kB │ gzip:  0.02 kB

../../public/vite-dev/.vite/manifest.json               0.45 kB │ gzip:  0.20 kB

../../public/vite-dev/assets/Home-Bioucvr4.js           0.33 kB │ gzip:  0.26 kB

../../public/vite-dev/assets/application-CYI5KJWw.js  273.90 kB │ gzip: 88.38 kB

✓ built in 530ms

Build with Vite complete: /Users/zillah/bunk3r/Bao/public/vite-dev
  Rendered layout layouts/application.html.erb (Duration: 1338.0ms | GC: 4.0ms)
Completed 200 OK in 1362ms (Views: 1339.8ms | ActiveRecord: 0.0ms (0 queries, 0 cached) | GC: 4.0ms)


Started GET "/.well-known/appspecific/com.chrome.devtools.json" for ::1 at 2025-06-17 12:45:16 +0300
Started GET "/" for ::1 at 2025-06-17 12:45:17 +0300
Processing by HomeController#index as HTML
  Parameters: {"home"=>{}}
Completed 200 OK in 27ms (Views: 0.3ms | ActiveRecord: 0.0ms (0 queries, 0 cached) | GC: 0.0ms)


Started GET "/" for ::1 at 2025-06-17 12:46:05 +0300
Processing by HomeController#index as HTML
  Rendering layout layouts/application.html.erb
  Rendering /Users/zillah/.rbenv/versions/3.3.0/lib/ruby/gems/3.3.0/bundler/gems/inertia-rails-a6a3c289bd82/app/views/inertia.html.erb within layouts/application
  Rendered /Users/zillah/.rbenv/versions/3.3.0/lib/ruby/gems/3.3.0/bundler/gems/inertia-rails-a6a3c289bd82/app/views/inertia.html.erb within layouts/application (Duration: 0.2ms | GC: 0.0ms)
Skipping vite build. Watched files have not changed since the last build at 2025-06-17 12:45:16
  Rendered layout layouts/application.html.erb (Duration: 6.0ms | GC: 0.8ms)
Completed 200 OK in 31ms (Views: 7.9ms | ActiveRecord: 0.0ms (0 queries, 0 cached) | GC: 0.8ms)


Started GET "/.well-known/appspecific/com.chrome.devtools.json" for ::1 at 2025-06-17 12:46:05 +0300
Started GET "/" for ::1 at 2025-06-17 12:46:05 +0300
Processing by HomeController#index as HTML
  Parameters: {"home"=>{}}
Completed 200 OK in 27ms (Views: 0.4ms | ActiveRecord: 0.0ms (0 queries, 0 cached) | GC: 0.0ms)


Started GET "/" for ::1 at 2025-06-17 12:46:43 +0300
Processing by HomeController#index as HTML
  Rendering layout layouts/application.html.erb
  Rendering /Users/zillah/.rbenv/versions/3.3.0/lib/ruby/gems/3.3.0/bundler/gems/inertia-rails-a6a3c289bd82/app/views/inertia.html.erb within layouts/application
  Rendered /Users/zillah/.rbenv/versions/3.3.0/lib/ruby/gems/3.3.0/bundler/gems/inertia-rails-a6a3c289bd82/app/views/inertia.html.erb within layouts/application (Duration: 0.2ms | GC: 0.0ms)
Building with Vite ⚡️
vite v5.4.18 building for development...

transforming...

✓ 172 modules transformed.

rendering chunks...

computing gzip size...

../../public/vite-dev/.vite/manifest-assets.json        0.00 kB │ gzip:  0.02 kB

../../public/vite-dev/.vite/manifest.json               0.45 kB │ gzip:  0.20 kB

../../public/vite-dev/assets/Home-B7rdEkL3.js           0.35 kB │ gzip:  0.27 kB

../../public/vite-dev/assets/application-CAuxp6Oa.js  273.90 kB │ gzip: 88.38 kB

✓ built in 521ms

Build with Vite complete: /Users/zillah/bunk3r/Bao/public/vite-dev
  Rendered layout layouts/application.html.erb (Duration: 1344.6ms | GC: 0.0ms)
Completed 200 OK in 1374ms (Views: 1346.0ms | ActiveRecord: 0.0ms (0 queries, 0 cached) | GC: 0.0ms)


Started GET "/.well-known/appspecific/com.chrome.devtools.json" for ::1 at 2025-06-17 12:46:44 +0300
Started GET "/" for ::1 at 2025-06-17 12:46:44 +0300
Processing by HomeController#index as HTML
  Parameters: {"home"=>{}}
Completed 200 OK in 29ms (Views: 0.5ms | ActiveRecord: 0.0ms (0 queries, 0 cached) | GC: 0.0ms)


Started GET "/" for ::1 at 2025-06-17 12:48:56 +0300
Processing by HomeController#index as HTML
  Rendering layout layouts/application.html.erb
  Rendering /Users/zillah/.rbenv/versions/3.3.0/lib/ruby/gems/3.3.0/bundler/gems/inertia-rails-a6a3c289bd82/app/views/inertia.html.erb within layouts/application
  Rendered /Users/zillah/.rbenv/versions/3.3.0/lib/ruby/gems/3.3.0/bundler/gems/inertia-rails-a6a3c289bd82/app/views/inertia.html.erb within layouts/application (Duration: 0.2ms | GC: 0.0ms)
Building with Vite ⚡️
vite v5.4.18 building for development...

transforming...

✓ 172 modules transformed.

rendering chunks...

computing gzip size...

../../public/vite-dev/.vite/manifest-assets.json        0.00 kB │ gzip:  0.02 kB

../../public/vite-dev/.vite/manifest.json               0.45 kB │ gzip:  0.20 kB

../../public/vite-dev/assets/Home-CnQnbq4d.js           0.35 kB │ gzip:  0.27 kB

../../public/vite-dev/assets/application-DRthzscC.js  273.90 kB │ gzip: 88.38 kB

✓ built in 593ms

Build with Vite complete: /Users/zillah/bunk3r/Bao/public/vite-dev
  Rendered layout layouts/application.html.erb (Duration: 1396.7ms | GC: 7.6ms)
Completed 200 OK in 1427ms (Views: 1398.1ms | ActiveRecord: 0.0ms (0 queries, 0 cached) | GC: 7.6ms)


Started GET "/.well-known/appspecific/com.chrome.devtools.json" for ::1 at 2025-06-17 12:48:57 +0300
Started GET "/" for ::1 at 2025-06-17 12:48:57 +0300
Processing by HomeController#index as HTML
  Parameters: {"home"=>{}}
Completed 200 OK in 42ms (Views: 0.3ms | ActiveRecord: 0.0ms (0 queries, 0 cached) | GC: 0.0ms)


Started GET "/" for ::1 at 2025-06-17 12:53:26 +0300
  [1m[36mActiveRecord::SchemaMigration Load (0.0ms)[0m  [1m[34mSELECT "schema_migrations"."version" FROM "schema_migrations" ORDER BY "schema_migrations"."version" ASC /*application='Bao'*/[0m
Processing by HomeController#index as HTML
  Rendering layout layouts/application.html.erb
  Rendering /Users/zillah/.rbenv/versions/3.3.0/lib/ruby/gems/3.3.0/bundler/gems/inertia-rails-a6a3c289bd82/app/views/inertia.html.erb within layouts/application
  Rendered /Users/zillah/.rbenv/versions/3.3.0/lib/ruby/gems/3.3.0/bundler/gems/inertia-rails-a6a3c289bd82/app/views/inertia.html.erb within layouts/application (Duration: 0.7ms | GC: 0.5ms)
Building with Vite ⚡️
vite v5.4.18 building for development...

transforming...

✓ 169 modules transformed.

rendering chunks...

computing gzip size...

../../public/vite-dev/.vite/manifest-assets.json        0.00 kB │ gzip:  0.02 kB

../../public/vite-dev/.vite/manifest.json               0.45 kB │ gzip:  0.20 kB

../../public/vite-dev/assets/Home-DBUD6dLc.js           0.29 kB │ gzip:  0.24 kB

../../public/vite-dev/assets/application-CZ7z1Gdu.js  274.04 kB │ gzip: 88.44 kB

✓ built in 519ms

Build with Vite complete: /Users/zillah/bunk3r/Bao/public/vite-dev
  Rendered layout layouts/application.html.erb (Duration: 1311.4ms | GC: 1.1ms)
Completed 200 OK in 1365ms (Views: 1320.7ms | ActiveRecord: 0.0ms (0 queries, 0 cached) | GC: 5.8ms)


Started GET "/.well-known/appspecific/com.chrome.devtools.json" for ::1 at 2025-06-17 12:53:27 +0300
Started GET "/" for ::1 at 2025-06-17 12:55:15 +0300
Processing by HomeController#index as HTML
  Rendering layout layouts/application.html.erb
  Rendering /Users/zillah/.rbenv/versions/3.3.0/lib/ruby/gems/3.3.0/bundler/gems/inertia-rails-a6a3c289bd82/app/views/inertia.html.erb within layouts/application
  Rendered /Users/zillah/.rbenv/versions/3.3.0/lib/ruby/gems/3.3.0/bundler/gems/inertia-rails-a6a3c289bd82/app/views/inertia.html.erb within layouts/application (Duration: 0.2ms | GC: 0.0ms)
Building with Vite ⚡️
vite v5.4.18 building for development...

transforming...

✓ 172 modules transformed.

rendering chunks...

computing gzip size...

../../public/vite-dev/.vite/manifest-assets.json        0.00 kB │ gzip:  0.02 kB

../../public/vite-dev/.vite/manifest.json               0.45 kB │ gzip:  0.20 kB

../../public/vite-dev/assets/Home-CiJvRHRN.js           0.28 kB │ gzip:  0.23 kB

../../public/vite-dev/assets/application-BJJ-CKBS.js  273.88 kB │ gzip: 88.37 kB

✓ built in 541ms

Build with Vite complete: /Users/zillah/bunk3r/Bao/public/vite-dev
  Rendered layout layouts/application.html.erb (Duration: 1330.3ms | GC: 0.0ms)
Completed 200 OK in 1360ms (Views: 1331.8ms | ActiveRecord: 0.0ms (0 queries, 0 cached) | GC: 0.0ms)


Started GET "/.well-known/appspecific/com.chrome.devtools.json" for ::1 at 2025-06-17 12:55:16 +0300
Started GET "/" for ::1 at 2025-06-17 12:56:04 +0300
Processing by HomeController#index as HTML
  Rendering layout layouts/application.html.erb
  Rendering /Users/zillah/.rbenv/versions/3.3.0/lib/ruby/gems/3.3.0/bundler/gems/inertia-rails-a6a3c289bd82/app/views/inertia.html.erb within layouts/application
  Rendered /Users/zillah/.rbenv/versions/3.3.0/lib/ruby/gems/3.3.0/bundler/gems/inertia-rails-a6a3c289bd82/app/views/inertia.html.erb within layouts/application (Duration: 0.2ms | GC: 0.0ms)
Building with Vite ⚡️
vite v5.4.18 building for development...

transforming...

✓ 170 modules transformed.

rendering chunks...

computing gzip size...

../../public/vite-dev/.vite/manifest-assets.json        0.00 kB │ gzip:  0.02 kB

../../public/vite-dev/.vite/manifest.json               0.45 kB │ gzip:  0.20 kB

../../public/vite-dev/assets/Home-Bx_QEvUM.js           0.33 kB │ gzip:  0.26 kB

../../public/vite-dev/assets/application-CmyVhtRp.js  273.99 kB │ gzip: 88.42 kB

✓ built in 540ms

Build with Vite complete: /Users/zillah/bunk3r/Bao/public/vite-dev
  Rendered layout layouts/application.html.erb (Duration: 1580.6ms | GC: 0.0ms)
Completed 200 OK in 1616ms (Views: 1581.8ms | ActiveRecord: 0.0ms (0 queries, 0 cached) | GC: 0.0ms)


Started GET "/.well-known/appspecific/com.chrome.devtools.json" for ::1 at 2025-06-17 12:56:06 +0300
Started GET "/" for ::1 at 2025-06-17 13:10:06 +0300
  [1m[36mActiveRecord::SchemaMigration Load (0.1ms)[0m  [1m[34mSELECT "schema_migrations"."version" FROM "schema_migrations" ORDER BY "schema_migrations"."version" ASC /*application='Bao'*/[0m
Processing by HomeController#index as HTML
  Rendering layout layouts/application.html.erb
  Rendering /Users/zillah/.rbenv/versions/3.3.0/lib/ruby/gems/3.3.0/bundler/gems/inertia-rails-a6a3c289bd82/app/views/inertia.html.erb within layouts/application
  Rendered /Users/zillah/.rbenv/versions/3.3.0/lib/ruby/gems/3.3.0/bundler/gems/inertia-rails-a6a3c289bd82/app/views/inertia.html.erb within layouts/application (Duration: 0.2ms | GC: 0.0ms)
Building with Vite ⚡️
vite v5.4.18 building for development...

transforming...

✓ 172 modules transformed.

rendering chunks...

computing gzip size...

../../public/vite-dev/.vite/manifest-assets.json        0.00 kB │ gzip:  0.02 kB

../../public/vite-dev/.vite/manifest.json               0.45 kB │ gzip:  0.20 kB

../../public/vite-dev/assets/Home-BLGjmGt5.js           0.33 kB │ gzip:  0.26 kB

../../public/vite-dev/assets/application-smJdujF1.js  273.88 kB │ gzip: 88.37 kB

✓ built in 542ms

Build with Vite complete: /Users/zillah/bunk3r/Bao/public/vite-dev
  Rendered layout layouts/application.html.erb (Duration: 1365.8ms | GC: 0.0ms)
Completed 200 OK in 1420ms (Views: 1378.7ms | ActiveRecord: 0.0ms (0 queries, 0 cached) | GC: 0.0ms)


Started GET "/.well-known/appspecific/com.chrome.devtools.json" for ::1 at 2025-06-17 13:10:08 +0300
Started GET "/" for ::1 at 2025-06-17 14:17:51 +0300
Processing by HomeController#index as HTML
  Rendering layout layouts/application.html.erb
  Rendering /Users/zillah/.rbenv/versions/3.3.0/lib/ruby/gems/3.3.0/bundler/gems/inertia-rails-a6a3c289bd82/app/views/inertia.html.erb within layouts/application
  Rendered /Users/zillah/.rbenv/versions/3.3.0/lib/ruby/gems/3.3.0/bundler/gems/inertia-rails-a6a3c289bd82/app/views/inertia.html.erb within layouts/application (Duration: 0.1ms | GC: 0.0ms)
Building with Vite ⚡️
vite v5.4.18 building for development...

transforming...

✓ 172 modules transformed.

rendering chunks...

computing gzip size...

../../public/vite-dev/.vite/manifest-assets.json        0.00 kB │ gzip:  0.02 kB

../../public/vite-dev/.vite/manifest.json               0.45 kB │ gzip:  0.20 kB

../../public/vite-dev/assets/Home-XDVKU3yk.js           0.33 kB │ gzip:  0.26 kB

../../public/vite-dev/assets/application-erlorJzI.js  273.88 kB │ gzip: 88.37 kB

✓ built in 549ms

Build with Vite complete: /Users/zillah/bunk3r/Bao/public/vite-dev
  Rendered layout layouts/application.html.erb (Duration: 1371.1ms | GC: 0.0ms)
Completed 200 OK in 1400ms (Views: 1372.4ms | ActiveRecord: 0.0ms (0 queries, 0 cached) | GC: 0.0ms)


Started GET "/.well-known/appspecific/com.chrome.devtools.json" for ::1 at 2025-06-17 14:17:52 +0300
Started GET "/" for ::1 at 2025-06-17 14:27:00 +0300
  [1m[36mActiveRecord::SchemaMigration Load (0.1ms)[0m  [1m[34mSELECT "schema_migrations"."version" FROM "schema_migrations" ORDER BY "schema_migrations"."version" ASC /*application='Bao'*/[0m
Processing by HomeController#index as HTML
  Rendering layout layouts/application.html.erb
  Rendering /Users/zillah/.rbenv/versions/3.3.0/lib/ruby/gems/3.3.0/bundler/gems/inertia-rails-a6a3c289bd82/app/views/inertia.html.erb within layouts/application
  Rendered /Users/zillah/.rbenv/versions/3.3.0/lib/ruby/gems/3.3.0/bundler/gems/inertia-rails-a6a3c289bd82/app/views/inertia.html.erb within layouts/application (Duration: 0.2ms | GC: 0.0ms)
Building with Vite ⚡️
vite v5.4.18 building for development...

transforming...

✓ 170 modules transformed.

rendering chunks...

computing gzip size...

../../public/vite-dev/.vite/manifest-assets.json        0.00 kB │ gzip:  0.02 kB

../../public/vite-dev/.vite/manifest.json               0.45 kB │ gzip:  0.20 kB

../../public/vite-dev/assets/Home-CVqtfA0t.js           0.34 kB │ gzip:  0.26 kB

../../public/vite-dev/assets/application-BXboamS9.js  273.99 kB │ gzip: 88.42 kB

✓ built in 521ms

Build with Vite complete: /Users/zillah/bunk3r/Bao/public/vite-dev
  Rendered layout layouts/application.html.erb (Duration: 1299.6ms | GC: 0.6ms)
Completed 200 OK in 1355ms (Views: 1308.9ms | ActiveRecord: 0.0ms (0 queries, 0 cached) | GC: 5.9ms)


Started GET "/.well-known/appspecific/com.chrome.devtools.json" for ::1 at 2025-06-17 14:27:01 +0300
Started GET "/" for ::1 at 2025-06-17 14:30:37 +0300
  [1m[36mActiveRecord::SchemaMigration Load (0.1ms)[0m  [1m[34mSELECT "schema_migrations"."version" FROM "schema_migrations" ORDER BY "schema_migrations"."version" ASC /*application='Bao'*/[0m
Processing by HomeController#index as HTML
  Rendering layout layouts/application.html.erb
  Rendering /Users/zillah/.rbenv/versions/3.3.0/lib/ruby/gems/3.3.0/bundler/gems/inertia-rails-a6a3c289bd82/app/views/inertia.html.erb within layouts/application
  Rendered /Users/zillah/.rbenv/versions/3.3.0/lib/ruby/gems/3.3.0/bundler/gems/inertia-rails-a6a3c289bd82/app/views/inertia.html.erb within layouts/application (Duration: 0.2ms | GC: 0.0ms)
  Rendered layout layouts/application.html.erb (Duration: 1.6ms | GC: 0.0ms)
Completed 200 OK in 52ms (Views: 9.4ms | ActiveRecord: 0.0ms (0 queries, 0 cached) | GC: 0.0ms)


Started GET "/.well-known/appspecific/com.chrome.devtools.json" for ::1 at 2025-06-17 14:30:37 +0300
Started GET "/" for ::1 at 2025-06-17 14:31:50 +0300
Processing by HomeController#index as HTML
  Rendering layout layouts/application.html.erb
  Rendering /Users/zillah/.rbenv/versions/3.3.0/lib/ruby/gems/3.3.0/bundler/gems/inertia-rails-a6a3c289bd82/app/views/inertia.html.erb within layouts/application
  Rendered /Users/zillah/.rbenv/versions/3.3.0/lib/ruby/gems/3.3.0/bundler/gems/inertia-rails-a6a3c289bd82/app/views/inertia.html.erb within layouts/application (Duration: 0.2ms | GC: 0.0ms)
  Rendered layout layouts/application.html.erb (Duration: 2.0ms | GC: 0.0ms)
Completed 200 OK in 42ms (Views: 3.6ms | ActiveRecord: 0.0ms (0 queries, 0 cached) | GC: 0.0ms)


Started GET "/.well-known/appspecific/com.chrome.devtools.json" for ::1 at 2025-06-17 14:31:50 +0300
Started GET "/" for ::1 at 2025-06-17 14:32:38 +0300
Processing by HomeController#index as HTML
  Rendering layout layouts/application.html.erb
  Rendering /Users/zillah/.rbenv/versions/3.3.0/lib/ruby/gems/3.3.0/bundler/gems/inertia-rails-a6a3c289bd82/app/views/inertia.html.erb within layouts/application
  Rendered /Users/zillah/.rbenv/versions/3.3.0/lib/ruby/gems/3.3.0/bundler/gems/inertia-rails-a6a3c289bd82/app/views/inertia.html.erb within layouts/application (Duration: 0.2ms | GC: 0.0ms)
  Rendered layout layouts/application.html.erb (Duration: 1.8ms | GC: 0.0ms)
Completed 200 OK in 36ms (Views: 3.0ms | ActiveRecord: 0.0ms (0 queries, 0 cached) | GC: 0.0ms)


Started GET "/.well-known/appspecific/com.chrome.devtools.json" for ::1 at 2025-06-17 14:32:42 +0300
